<?xml version="1.0" encoding="UTF-8"?>
<!-- Generated by org.testng.reporters.JUnitXMLReporter -->
<testsuite ignored="0" hostname="HB11534" failures="1" tests="1" name="Test" time="0.059" errors="0" timestamp="2022-03-30T10:58:39 EDT">
  <testcase classname="Final.lab" name="LaunchBRowser" time="0.028">
    <failure type="java.lang.NoClassDefFoundError" message="com/google/common/collect/ImmutableMap">
      <![CDATA[java.lang.NoClassDefFoundError: com/google/common/collect/ImmutableMap
at org.openqa.selenium.firefox.FirefoxDriver.<clinit>(FirefoxDriver.java:108)
at Final.lab.LaunchBRowser(lab.java:12)
at java.base/java.util.ArrayList.forEach(ArrayList.java:1540)
Caused by: java.lang.ClassNotFoundException: com.google.common.collect.ImmutableMap
at java.base/jdk.internal.loader.BuiltinClassLoader.loadClass(BuiltinClassLoader.java:583)
at java.base/jdk.internal.loader.ClassLoaders$AppClassLoader.loadClass(ClassLoaders.java:178)
at java.base/java.lang.ClassLoader.loadClass(ClassLoader.java:521)
... 30 more
... Removed 27 stack frames]]>
    </failure>
  </testcase> <!-- LaunchBRowser -->
</testsuite> <!-- Test -->
