<?xml version="1.0" encoding="UTF-8"?>
<!-- Generated by org.testng.reporters.JUnitXMLReporter -->
<testsuite ignored="0" hostname="HB11534" failures="0" tests="11" name="Default test" time="44.501" errors="0" timestamp="2022-03-31T12:39:58 EDT">
  <testcase classname="Final.Login" name="Login" time="2.596"/>
  <testcase classname="Final.Login" name="dropdown" time="2.086"/>
  <testcase classname="Final.Login" name="list" time="14.59"/>
  <testcase classname="Final.Login" name="cart" time="2.101"/>
  <testcase classname="Final.Login" name="remove" time="4.114"/>
  <testcase classname="Final.Login" name="shopping" time="4.186"/>
  <testcase classname="Final.Login" name="checking" time="2.093"/>
  <testcase classname="Final.Login" name="Input" time="2.338"/>
  <testcase classname="Final.Login" name="buttoncontinue" time="2.101"/>
  <testcase classname="Final.Login" name="end" time="2.116"/>
  <testcase classname="Final.Login" name="backtohomepage" time="2.118"/>
</testsuite> <!-- Default test -->
